
/home/runner/work/exp-rectangular-plate-iitb/exp-rectangular-plate-iitb/experiment/simulation/common_libraries/js/ts_components/collapse_step.js
   1:10  warning  'show_step' is defined but never used                 no-unused-vars
   2:5   warning  '$' is not defined                                    no-undef
   3:9   warning  '$' is not defined                                    no-undef
   6:10  warning  'hide_step' is defined but never used                 no-unused-vars
   7:5   warning  '$' is not defined                                    no-undef
   8:9   warning  '$' is not defined                                    no-undef
  11:10  warning  'get_collapse_btn_text' is defined but never used     no-unused-vars
  20:10  warning  'get_collapse_btn_element' is defined but never used  no-unused-vars
  29:10  warning  'hide_all_steps' is defined but never used            no-unused-vars
  31:9   warning  '$' is not defined                                    no-undef

/home/runner/work/exp-rectangular-plate-iitb/exp-rectangular-plate-iitb/experiment/simulation/common_libraries/js/ts_components/matrix.js
   27:26  warning  'MathJax' is not defined                                no-undef
   32:7   warning  'Matrix_Without_String' is defined but never used       no-unused-vars
   52:26  warning  'MathJax' is not defined                                no-undef
   56:10  warning  'get_matrix_html' is defined but never used             no-unused-vars
   87:13  warning  'row_html' is assigned a value but never used           no-unused-vars
   99:10  warning  'get_matrix_html_with_title' is defined but never used  no-unused-vars
  131:13  warning  'row_html' is assigned a value but never used           no-unused-vars
  143:10  warning  'convert_2d_to_1d_vector' is defined but never used     no-unused-vars
  156:10  warning  'convert_1d_to_2d_matrix' is defined but never used     no-unused-vars

/home/runner/work/exp-rectangular-plate-iitb/exp-rectangular-plate-iitb/experiment/simulation/common_libraries/js/ts_components/pannel.js
  8:7  warning  'Pannel' is defined but never used  no-unused-vars

/home/runner/work/exp-rectangular-plate-iitb/exp-rectangular-plate-iitb/experiment/simulation/common_libraries/js/ts_components/questions.js
   6:17  warning  'op1' is assigned a value but never used      no-unused-vars
   7:17  warning  'op2' is assigned a value but never used      no-unused-vars
   8:17  warning  'op3' is assigned a value but never used      no-unused-vars
   9:17  warning  'op4' is assigned a value but never used      no-unused-vars
  94:7   warning  'Question_Options' is defined but never used  no-unused-vars

/home/runner/work/exp-rectangular-plate-iitb/exp-rectangular-plate-iitb/experiment/simulation/common_libraries/js/ts_components/tables.js
   19:22  warning  'verify_values' is not defined                                     no-undef
  137:22  warning  'verify_values' is not defined                                     no-undef
  260:7   warning  'Verify_Rows_Cols_6_decimal_places' is defined but never used      no-unused-vars
  311:22  warning  'verify_values' is not defined                                     no-undef
  416:7   warning  'Verify_Rows_Cols_Custom_Fixed_Update1' is defined but never used  no-unused-vars
  468:7   warning  'Show_Table_Custom_Fixed' is defined but never used                no-unused-vars
  506:7   warning  'Verify_Rows_Cols_Strings' is defined but never used               no-unused-vars
  527:22  warning  'verify_values' is not defined                                     no-undef
  663:7   warning  'Display_Table' is defined but never used                          no-unused-vars

/home/runner/work/exp-rectangular-plate-iitb/exp-rectangular-plate-iitb/experiment/simulation/common_libraries/js/ts_math_library/general_math_functions.js
    1:10  warning  'verify_values' is defined but never used                   no-unused-vars
   17:10  warning  'random1' is defined but never used                         no-unused-vars
   21:10  warning  'std_deviation' is defined but never used                   no-unused-vars
   26:10  warning  'gauss' is defined but never used                           no-unused-vars
   56:10  warning  'hide_panel' is defined but never used                      no-unused-vars
   63:10  warning  'inverse_matrix' is defined but never used                  no-unused-vars
   96:10  warning  'matrix_multiplication' is defined but never used           no-unused-vars
  113:10  warning  'transpose_matrix' is defined but never used                no-unused-vars
  123:10  warning  'matrix_multiplication_8decimal' is defined but never used  no-unused-vars
  140:10  warning  'adjoint_2x2_matrix' is defined but never used              no-unused-vars
  145:10  warning  'find_deteminant' is defined but never used                 no-unused-vars
  174:10  warning  'get_Submatrix' is defined but never used                   no-unused-vars

/home/runner/work/exp-rectangular-plate-iitb/exp-rectangular-plate-iitb/experiment/simulation/common_libraries/js/ts_math_library/regression.js
   1:10  warning  'regression_linear' is defined but never used            no-unused-vars
  18:10  warning  'regression_linear_1variable' is defined but never used  no-unused-vars
  27:10  warning  'regression_linear_2variable' is defined but never used  no-unused-vars
  52:11  warning  'gauss' is not defined                                   no-undef

/home/runner/work/exp-rectangular-plate-iitb/exp-rectangular-plate-iitb/experiment/simulation/common_libraries/math.ob.js
  1:745  warning  'b' is already defined  no-redeclare

/home/runner/work/exp-rectangular-plate-iitb/exp-rectangular-plate-iitb/experiment/simulation/js/activity1.js
   14:9   warning  'MathJax' is not defined                                        no-undef
   18:10  warning  'start_act1' is defined but never used                          no-unused-vars
   23:20  warning  'get_collapse_btn_text' is not defined                          no-undef
   37:19  warning  'd' is not defined                                              no-undef
   40:19  warning  'b' is not defined                                              no-undef
   57:5   warning  'hide_all_steps' is not defined                                 no-undef
   59:9   warning  'MathJax' is not defined                                        no-undef
   62:9   warning  'show_step' is not defined                                      no-undef
   66:5   warning  'b' is not defined                                              no-undef
   67:5   warning  'd' is not defined                                              no-undef
   68:5   warning  'h_bar_a1' is not defined                                       no-undef
   69:5   warning  'h_star_a1' is not defined                                      no-undef
   70:5   warning  'f_a1' is not defined                                           no-undef
   71:5   warning  'Ig_a1' is not defined                                          no-undef
   72:5   warning  'b' is not defined                                              no-undef
   72:20  warning  'random' is not defined                                         no-undef
   73:5   warning  'd' is not defined                                              no-undef
   73:20  warning  'random' is not defined                                         no-undef
   74:5   warning  'h_bar_a1' is not defined                                       no-undef
   74:16  warning  'd' is not defined                                              no-undef
   75:5   warning  'f_a1' is not defined                                           no-undef
   75:19  warning  'g' is not defined                                              no-undef
   75:23  warning  'd' is not defined                                              no-undef
   75:27  warning  'b' is not defined                                              no-undef
   75:31  warning  'h_bar_a1' is not defined                                       no-undef
   76:5   warning  'Ig_a1' is not defined                                          no-undef
   76:26  warning  'b' is not defined                                              no-undef
   76:39  warning  'd' is not defined                                              no-undef
   77:5   warning  'h_star_a1' is not defined                                      no-undef
   77:29  warning  'Ig_a1' is not defined                                          no-undef
   77:38  warning  'b' is not defined                                              no-undef
   77:42  warning  'd' is not defined                                              no-undef
   77:46  warning  'h_bar_a1' is not defined                                       no-undef
   77:58  warning  'h_bar_a1' is not defined                                       no-undef
   78:17  warning  'b' is not defined                                              no-undef
   78:20  warning  'd' is not defined                                              no-undef
   80:10  warning  'verify_h_bar_a1' is defined but never used                     no-unused-vars
   82:17  warning  'h_bar_a1' is not defined                                       no-undef
   83:10  warning  'verify_values' is not defined                                  no-undef
   83:47  warning  'h_bar_a1' is not defined                                       no-undef
   97:38  warning  'h_bar_a1' is not defined                                       no-undef
  104:9   warning  'MathJax' is not defined                                        no-undef
  107:10  warning  'load_total_pressure_force_a1' is defined but never used        no-unused-vars
  121:23  warning  Unnecessary escape character: \ρ                                no-useless-escape
  134:9   warning  'MathJax' is not defined                                        no-undef
  137:10  warning  'verify_f_a1' is defined but never used                         no-unused-vars
  139:17  warning  'f_a1' is not defined                                           no-undef
  140:10  warning  'verify_values' is not defined                                  no-undef
  140:47  warning  'f_a1' is not defined                                           no-undef
  154:17  warning  Unnecessary escape character: \ρ                                no-useless-escape
  154:45  warning  'f_a1' is not defined                                           no-undef
  161:9   warning  'MathJax' is not defined                                        no-undef
  164:10  warning  'load_inertia_div_a1' is defined but never used                 no-unused-vars
  191:9   warning  'MathJax' is not defined                                        no-undef
  194:10  warning  'verify_i_a1' is defined but never used                         no-unused-vars
  196:17  warning  'Ig_a1' is not defined                                          no-undef
  197:10  warning  'verify_values' is not defined                                  no-undef
  197:47  warning  'Ig_a1' is not defined                                          no-undef
  211:51  warning  'Ig_a1' is not defined                                          no-undef
  218:9   warning  'MathJax' is not defined                                        no-undef
  221:10  warning  'load_depth_div_a1' is defined but never used                   no-unused-vars
  248:9   warning  'MathJax' is not defined                                        no-undef
  251:10  warning  'verify_depth_centre_of_pressure_a1' is defined but never used  no-unused-vars
  253:17  warning  'h_star_a1' is not defined                                      no-undef
  254:10  warning  'verify_values' is not defined                                  no-undef
  254:47  warning  'h_star_a1' is not defined                                      no-undef
  268:68  warning  'h_star_a1' is not defined                                      no-undef
  275:9   warning  'MathJax' is not defined                                        no-undef

/home/runner/work/exp-rectangular-plate-iitb/exp-rectangular-plate-iitb/experiment/simulation/js/activity2.js
    1:10  warning  'activity2' is defined but never used                           no-unused-vars
    3:20  warning  'get_collapse_btn_text' is not defined                          no-undef
   14:19  warning  'd' is not defined                                              no-undef
   17:19  warning  'b' is not defined                                              no-undef
   33:5   warning  'maindiv' is not defined                                        no-undef
   34:5   warning  'hide_all_steps' is not defined                                 no-undef
   36:9   warning  'MathJax' is not defined                                        no-undef
   39:9   warning  'show_step' is not defined                                      no-undef
   43:5   warning  'h_bar_a2' is not defined                                       no-undef
   44:5   warning  'h_star_a2' is not defined                                      no-undef
   45:5   warning  'f_a2' is not defined                                           no-undef
   46:5   warning  'Ig_a2' is not defined                                          no-undef
   47:5   warning  'h_bar_a2' is not defined                                       no-undef
   47:16  warning  'd' is not defined                                              no-undef
   48:5   warning  'f_a2' is not defined                                           no-undef
   48:31  warning  'g' is not defined                                              no-undef
   48:35  warning  'd' is not defined                                              no-undef
   48:39  warning  'b' is not defined                                              no-undef
   48:43  warning  'h_bar_a2' is not defined                                       no-undef
   49:5   warning  'Ig_a2' is not defined                                          no-undef
   49:26  warning  'b' is not defined                                              no-undef
   49:39  warning  'd' is not defined                                              no-undef
   50:5   warning  'h_star_a2' is not defined                                      no-undef
   50:29  warning  'Ig_a2' is not defined                                          no-undef
   50:38  warning  'b' is not defined                                              no-undef
   50:42  warning  'd' is not defined                                              no-undef
   50:46  warning  'h_bar_a2' is not defined                                       no-undef
   50:58  warning  'h_bar_a2' is not defined                                       no-undef
   52:10  warning  'verify_h_bar_a2' is defined but never used                     no-unused-vars
   54:17  warning  'h_bar_a2' is not defined                                       no-undef
   55:10  warning  'verify_values' is not defined                                  no-undef
   55:47  warning  'h_bar_a2' is not defined                                       no-undef
   69:42  warning  'h_bar_a2' is not defined                                       no-undef
   76:9   warning  'MathJax' is not defined                                        no-undef
   79:10  warning  'load_total_pressure_force_a2' is defined but never used        no-unused-vars
   93:23  warning  Unnecessary escape character: \ρ                                no-useless-escape
  106:9   warning  'MathJax' is not defined                                        no-undef
  109:10  warning  'verify_f_a2' is defined but never used                         no-unused-vars
  111:17  warning  'f_a2' is not defined                                           no-undef
  112:10  warning  'verify_values' is not defined                                  no-undef
  112:47  warning  'f_a2' is not defined                                           no-undef
  126:17  warning  Unnecessary escape character: \ρ                                no-useless-escape
  126:45  warning  'f_a2' is not defined                                           no-undef
  133:9   warning  'MathJax' is not defined                                        no-undef
  136:10  warning  'load_inertia_div_a2' is defined but never used                 no-unused-vars
  163:9   warning  'MathJax' is not defined                                        no-undef
  166:10  warning  'verify_i_a2' is defined but never used                         no-unused-vars
  168:17  warning  'Ig_a2' is not defined                                          no-undef
  169:10  warning  'verify_values' is not defined                                  no-undef
  169:47  warning  'Ig_a2' is not defined                                          no-undef
  183:51  warning  'Ig_a2' is not defined                                          no-undef
  190:9   warning  'MathJax' is not defined                                        no-undef
  193:10  warning  'load_depth_div_a2' is defined but never used                   no-unused-vars
  220:9   warning  'MathJax' is not defined                                        no-undef
  223:10  warning  'verify_depth_centre_of_pressure_a2' is defined but never used  no-unused-vars
  225:17  warning  'h_star_a2' is not defined                                      no-undef
  226:10  warning  'verify_values' is not defined                                  no-undef
  226:47  warning  'h_star_a2' is not defined                                      no-undef
  240:68  warning  'h_star_a2' is not defined                                      no-undef
  247:9   warning  'MathJax' is not defined                                        no-undef
  250:10  warning  'exp_complete' is defined but never used                        no-unused-vars

/home/runner/work/exp-rectangular-plate-iitb/exp-rectangular-plate-iitb/experiment/simulation/js/data.js
   1:5  warning  'b' is assigned a value but never used  no-unused-vars
   2:5  warning  'd' is assigned a value but never used  no-unused-vars
   3:5  warning  'h_bar_a1' is defined but never used    no-unused-vars
   4:5  warning  'h_bar_a2' is defined but never used    no-unused-vars
   5:5  warning  'h_star_a1' is defined but never used   no-unused-vars
   6:5  warning  'h_star_a2' is defined but never used   no-unused-vars
   7:5  warning  'f_a1' is defined but never used        no-unused-vars
   8:5  warning  'f_a2' is defined but never used        no-unused-vars
   9:5  warning  'Ig_a1' is defined but never used       no-unused-vars
  10:5  warning  'Ig_a2' is defined but never used       no-unused-vars
  11:5  warning  'g' is assigned a value but never used  no-unused-vars

/home/runner/work/exp-rectangular-plate-iitb/exp-rectangular-plate-iitb/experiment/simulation/js/gauss_ele.js
  42:10  warning  'gauss_ele' is defined but never used  no-unused-vars

/home/runner/work/exp-rectangular-plate-iitb/exp-rectangular-plate-iitb/experiment/simulation/js/screen_size.js
  1:10  warning  'set_screen_size' is defined but never used  no-unused-vars

/home/runner/work/exp-rectangular-plate-iitb/exp-rectangular-plate-iitb/experiment/simulation/js/trap.js
   4:10  warning  'generate_data' is defined but never used  no-unused-vars
  13:10  warning  'trap' is defined but never used           no-unused-vars
  21:10  warning  'sim1by3' is defined but never used        no-unused-vars
  29:10  warning  'sim3by8' is defined but never used        no-unused-vars

✖ 197 problems (0 errors, 197 warnings)

